[ 2024-10-19 18:59:38,051 ] 42 root - INFO - Start data Ingestion
[ 2024-10-19 18:59:40,461 ] 63 root - INFO - Performed train test split on the dataframe
[ 2024-10-19 18:59:40,461 ] 65 root - INFO - Exited split_data_as_train_test method of Data_Ingestion class
[ 2024-10-19 18:59:40,462 ] 73 root - INFO - Exporting train and test file path.
[ 2024-10-19 18:59:40,518 ] 82 root - INFO - Exported train and test file path.
[ 2024-10-19 18:59:40,518 ] 45 root - INFO - Data Ingestion completed and artifact: DataIngestionArtifact(trained_file_path='Artifacts\\10_19_2024_18_59_24\\data_ingestion\\ingested\\train.csv', test_file_path='Artifacts\\10_19_2024_18_59_24\\data_ingestion\\ingested\\test.csv')
[ 2024-10-19 18:59:40,527 ] 55 root - INFO - Initiate the data Validation
[ 2024-10-19 18:59:40,564 ] 32 root - INFO - Required number of columns:2
[ 2024-10-19 18:59:40,564 ] 33 root - INFO - Data frame has columns:31
[ 2024-10-19 18:59:40,564 ] 32 root - INFO - Required number of columns:2
[ 2024-10-19 18:59:40,564 ] 33 root - INFO - Data frame has columns:31
[ 2024-10-19 18:59:40,685 ] 63 root - INFO - Entered initiate_data_transformation method of DataTransformation class
[ 2024-10-19 18:59:40,685 ] 65 root - INFO - Starting data transformation
[ 2024-10-19 18:59:40,709 ] 48 root - INFO - Entered get_data_trnasformer_object method of Trnasformation class
[ 2024-10-19 18:59:40,709 ] 53 root - INFO - Initialise KNNImputer with {'missing_values': nan, 'n_neighbors': 3, 'weights': 'uniform'}
[ 2024-10-19 18:59:40,721 ] 46 root - INFO - Entered the save_object method of MainUtils class
[ 2024-10-19 18:59:40,723 ] 50 root - INFO - Exited the save_object method of MainUtils class
[ 2024-10-19 18:59:40,724 ] 46 root - INFO - Entered the save_object method of MainUtils class
[ 2024-10-19 18:59:40,726 ] 50 root - INFO - Exited the save_object method of MainUtils class
[ 2024-10-19 19:02:41,638 ] 46 root - INFO - Entered the save_object method of MainUtils class
[ 2024-10-19 19:02:41,639 ] 50 root - INFO - Exited the save_object method of MainUtils class
[ 2024-10-19 19:02:41,639 ] 46 root - INFO - Entered the save_object method of MainUtils class
[ 2024-10-19 19:02:41,673 ] 50 root - INFO - Exited the save_object method of MainUtils class
[ 2024-10-19 19:02:41,674 ] 145 root - INFO - Model trainer artifact: ModelTrainerArtifact(trained_model_file_path='Artifacts\\10_19_2024_18_59_24\\model_trainer\\trained_model\\model.pkl', train_metric_artifact=ClassificationMetricArtifact(f1_score=0.9905497408799919, precision_score=0.9884404786047455, recall_score=0.9926680244399185), test_metric_artifact=ClassificationMetricArtifact(f1_score=0.9791666666666666, precision_score=0.978382706164932, recall_score=0.9799518845228549))
