[ 2024-10-19 19:15:31,563 ] 42 root - INFO - Start data Ingestion
[ 2024-10-19 19:15:34,231 ] 63 root - INFO - Performed train test split on the dataframe
[ 2024-10-19 19:15:34,231 ] 65 root - INFO - Exited split_data_as_train_test method of Data_Ingestion class
[ 2024-10-19 19:15:34,231 ] 73 root - INFO - Exporting train and test file path.
[ 2024-10-19 19:15:34,290 ] 82 root - INFO - Exported train and test file path.
[ 2024-10-19 19:15:34,290 ] 45 root - INFO - Data Ingestion completed and artifact: DataIngestionArtifact(trained_file_path='Artifacts\\10_19_2024_19_15_22\\data_ingestion\\ingested\\train.csv', test_file_path='Artifacts\\10_19_2024_19_15_22\\data_ingestion\\ingested\\test.csv')
[ 2024-10-19 19:15:34,300 ] 55 root - INFO - Initiate the data Validation
[ 2024-10-19 19:15:34,345 ] 32 root - INFO - Required number of columns:2
[ 2024-10-19 19:15:34,345 ] 33 root - INFO - Data frame has columns:31
[ 2024-10-19 19:15:34,345 ] 32 root - INFO - Required number of columns:2
[ 2024-10-19 19:15:34,345 ] 33 root - INFO - Data frame has columns:31
[ 2024-10-19 19:15:34,477 ] 63 root - INFO - Entered initiate_data_transformation method of DataTransformation class
[ 2024-10-19 19:15:34,477 ] 65 root - INFO - Starting data transformation
[ 2024-10-19 19:15:34,501 ] 48 root - INFO - Entered get_data_trnasformer_object method of Trnasformation class
[ 2024-10-19 19:15:34,501 ] 53 root - INFO - Initialise KNNImputer with {'missing_values': nan, 'n_neighbors': 3, 'weights': 'uniform'}
[ 2024-10-19 19:15:34,515 ] 46 root - INFO - Entered the save_object method of MainUtils class
[ 2024-10-19 19:15:34,518 ] 50 root - INFO - Exited the save_object method of MainUtils class
[ 2024-10-19 19:15:34,518 ] 46 root - INFO - Entered the save_object method of MainUtils class
[ 2024-10-19 19:15:34,521 ] 50 root - INFO - Exited the save_object method of MainUtils class
[ 2024-10-19 19:19:05,319 ] 42 root - INFO - Start data Ingestion
[ 2024-10-19 19:19:07,943 ] 63 root - INFO - Performed train test split on the dataframe
[ 2024-10-19 19:19:07,943 ] 65 root - INFO - Exited split_data_as_train_test method of Data_Ingestion class
[ 2024-10-19 19:19:07,943 ] 73 root - INFO - Exporting train and test file path.
[ 2024-10-19 19:19:08,019 ] 82 root - INFO - Exported train and test file path.
[ 2024-10-19 19:19:08,021 ] 45 root - INFO - Data Ingestion completed and artifact: DataIngestionArtifact(trained_file_path='Artifacts\\10_19_2024_19_19_03\\data_ingestion\\ingested\\train.csv', test_file_path='Artifacts\\10_19_2024_19_19_03\\data_ingestion\\ingested\\test.csv')
[ 2024-10-19 19:19:08,029 ] 55 root - INFO - Initiate the data Validation
[ 2024-10-19 19:19:08,089 ] 32 root - INFO - Required number of columns:2
[ 2024-10-19 19:19:08,089 ] 33 root - INFO - Data frame has columns:31
[ 2024-10-19 19:19:08,090 ] 32 root - INFO - Required number of columns:2
[ 2024-10-19 19:19:08,090 ] 33 root - INFO - Data frame has columns:31
[ 2024-10-19 19:19:08,238 ] 63 root - INFO - Entered initiate_data_transformation method of DataTransformation class
[ 2024-10-19 19:19:08,238 ] 65 root - INFO - Starting data transformation
[ 2024-10-19 19:19:08,260 ] 48 root - INFO - Entered get_data_trnasformer_object method of Trnasformation class
[ 2024-10-19 19:19:08,260 ] 53 root - INFO - Initialise KNNImputer with {'missing_values': nan, 'n_neighbors': 3, 'weights': 'uniform'}
[ 2024-10-19 19:19:08,273 ] 46 root - INFO - Entered the save_object method of MainUtils class
[ 2024-10-19 19:19:08,276 ] 50 root - INFO - Exited the save_object method of MainUtils class
[ 2024-10-19 19:19:08,276 ] 46 root - INFO - Entered the save_object method of MainUtils class
[ 2024-10-19 19:19:08,279 ] 50 root - INFO - Exited the save_object method of MainUtils class
[ 2024-10-19 19:22:06,454 ] 46 root - INFO - Entered the save_object method of MainUtils class
[ 2024-10-19 19:22:06,455 ] 50 root - INFO - Exited the save_object method of MainUtils class
[ 2024-10-19 19:22:06,455 ] 46 root - INFO - Entered the save_object method of MainUtils class
[ 2024-10-19 19:22:06,491 ] 50 root - INFO - Exited the save_object method of MainUtils class
[ 2024-10-19 19:22:06,492 ] 146 root - INFO - Model trainer artifact: ModelTrainerArtifact(trained_model_file_path='Artifacts\\10_19_2024_19_19_03\\model_trainer\\trained_model\\model.pkl', train_metric_artifact=ClassificationMetricArtifact(f1_score=0.991353880581833, precision_score=0.9902458849827271, recall_score=0.9924643584521385), test_metric_artifact=ClassificationMetricArtifact(f1_score=0.971679297965696, precision_score=0.9666666666666667, recall_score=0.9767441860465116))
